[2020-12-09T12:02:04.762] [DEBUG] cheese - login => username:admin,password:123456
[2020-12-09T12:02:04.765] [DEBUG] cheese - admin
[2020-12-09T12:02:04.814] [DEBUG] cheese - null
[2020-12-09T12:02:04.815] [DEBUG] cheese - null
[2020-12-09T12:06:25.782] [DEBUG] cheese - login => username:admin,password:123456
[2020-12-09T12:06:25.785] [DEBUG] cheese - admin
[2020-12-09T12:06:25.804] [DEBUG] cheese - null
[2020-12-09T12:06:25.806] [DEBUG] cheese - null
[2020-12-09T22:47:15.694] [DEBUG] cheese - login => username:admin,password:123456
[2020-12-09T22:47:15.698] [DEBUG] cheese - admin
[2020-12-09T22:47:15.743] [DEBUG] cheese - null
[2020-12-09T22:47:15.744] [DEBUG] cheese - null
[2020-12-10T11:41:47.800] [DEBUG] cheese - login => username:admin,password:123456
[2020-12-10T11:41:47.803] [DEBUG] cheese - admin
[2020-12-10T11:41:47.857] [DEBUG] cheese - null
[2020-12-10T11:41:47.858] [DEBUG] cheese - null
[2020-12-10T11:50:22.663] [DEBUG] cheese - login => username:admin,password:123456
[2020-12-10T11:50:22.664] [DEBUG] cheese - admin
[2020-12-10T11:50:22.670] [DEBUG] cheese - null
[2020-12-10T11:50:22.671] [DEBUG] cheese - null
[2020-12-10T11:58:50.390] [DEBUG] cheese - login => username:admin1,password:123456
[2020-12-10T11:58:50.391] [DEBUG] cheese - admin1
[2020-12-10T11:58:50.400] [DEBUG] cheese - null
[2020-12-10T11:58:50.400] [DEBUG] cheese - null
[2020-12-10T11:59:57.237] [DEBUG] cheese - login => username:admin,password:123456
[2020-12-10T11:59:57.238] [DEBUG] cheese - admin
[2020-12-10T11:59:57.243] [DEBUG] cheese - null
[2020-12-10T11:59:57.244] [DEBUG] cheese - null
[2020-12-10T12:00:34.236] [DEBUG] cheese - login => username:adma,password:123456
[2020-12-10T12:00:34.236] [DEBUG] cheese - adma
[2020-12-10T12:00:34.242] [DEBUG] cheese - null
[2020-12-10T12:00:34.243] [DEBUG] cheese - null
[2020-12-10T12:00:47.361] [DEBUG] cheese - login => username:adma,password:123456
[2020-12-10T12:00:47.361] [DEBUG] cheese - adma
[2020-12-10T12:00:47.387] [DEBUG] cheese - null
[2020-12-10T12:00:47.387] [DEBUG] cheese - null
[2020-12-10T12:00:51.794] [DEBUG] cheese - login => username:admin,password:123456
[2020-12-10T12:00:51.794] [DEBUG] cheese - admin
[2020-12-10T12:00:51.801] [DEBUG] cheese - null
[2020-12-10T12:00:51.801] [DEBUG] cheese - null
[2020-12-10T12:01:06.649] [DEBUG] cheese - login => username:admi,password:123456
[2020-12-10T12:01:06.650] [DEBUG] cheese - admi
[2020-12-10T12:01:06.655] [DEBUG] cheese - null
[2020-12-10T12:01:06.656] [DEBUG] cheese - null
[2020-12-10T12:04:31.581] [DEBUG] cheese - login => username:admin,password:123456
[2020-12-10T12:04:31.581] [DEBUG] cheese - admin
[2020-12-10T12:04:31.587] [DEBUG] cheese - null
[2020-12-10T12:04:31.587] [DEBUG] cheese - null
[2020-12-10T16:17:31.373] [DEBUG] cheese - login => username:admin,password:123456
[2020-12-10T16:17:31.376] [DEBUG] cheese - admin
[2020-12-10T16:17:31.434] [DEBUG] cheese - null
[2020-12-10T16:17:31.434] [DEBUG] cheese - null
[2020-12-10T16:23:47.069] [DEBUG] cheese - login => username:admin,password:123456
[2020-12-10T16:23:47.069] [DEBUG] cheese - admin
[2020-12-10T16:23:47.079] [DEBUG] cheese - null
[2020-12-10T16:23:47.080] [DEBUG] cheese - null
[2020-12-14T10:45:29.884] [DEBUG] cheese - login => username:admin,password:123456
[2020-12-14T10:45:29.886] [DEBUG] cheese - admin
[2020-12-14T10:45:29.910] [DEBUG] cheese - null
[2020-12-14T10:45:29.911] [DEBUG] cheese - null
[2020-12-14T10:47:55.980] [DEBUG] cheese - login => username:admin,password:123456
[2020-12-14T10:47:55.980] [DEBUG] cheese - admin
[2020-12-14T10:47:55.986] [DEBUG] cheese - null
[2020-12-14T10:47:55.986] [DEBUG] cheese - null
[2020-12-14T10:51:41.243] [DEBUG] cheese - login => username:admin,password:123456
[2020-12-14T10:51:41.244] [DEBUG] cheese - admin
[2020-12-14T10:51:41.249] [DEBUG] cheese - null
[2020-12-14T10:51:41.250] [DEBUG] cheese - null
[2020-12-14T10:51:51.750] [DEBUG] cheese - login => username:admin,password:123456
[2020-12-14T10:51:51.751] [DEBUG] cheese - admin
[2020-12-14T10:51:51.767] [DEBUG] cheese - null
[2020-12-14T10:51:51.768] [DEBUG] cheese - null
[2020-12-14T11:24:25.539] [DEBUG] cheese - login => username:admin,password:123456
[2020-12-14T11:24:25.542] [DEBUG] cheese - admin
[2020-12-14T11:24:25.562] [DEBUG] cheese - null
[2020-12-14T11:24:25.563] [DEBUG] cheese - null
[2020-12-14T11:24:32.373] [DEBUG] cheese - login => username:admin,password:123456
[2020-12-14T11:24:32.373] [DEBUG] cheese - admin
[2020-12-14T11:24:32.384] [DEBUG] cheese - null
[2020-12-14T11:24:32.385] [DEBUG] cheese - null
[2020-12-14T11:42:51.531] [DEBUG] cheese - login => username:admin,password:123456
[2020-12-14T11:42:51.532] [DEBUG] cheese - admin
[2020-12-14T11:42:51.546] [DEBUG] cheese - null
[2020-12-14T11:42:51.546] [DEBUG] cheese - null
[2020-12-15T14:42:08.228] [DEBUG] cheese - login => username:admin,password:123456
[2020-12-15T14:42:08.230] [DEBUG] cheese - admin
[2020-12-15T14:42:08.263] [DEBUG] cheese - null
[2020-12-15T14:42:08.264] [DEBUG] cheese - null
[2020-12-15T15:39:29.577] [DEBUG] cheese - login => username:admin,password:123456
[2020-12-15T15:39:29.581] [DEBUG] cheese - admin
[2020-12-15T15:39:29.607] [DEBUG] cheese - null
[2020-12-15T15:39:29.608] [DEBUG] cheese - null
[2020-12-15T15:40:29.345] [DEBUG] cheese - login => username:admin,password:123456
[2020-12-15T15:40:29.345] [DEBUG] cheese - admin
[2020-12-15T15:40:29.355] [DEBUG] cheese - null
[2020-12-15T15:40:29.355] [DEBUG] cheese - null
[2020-12-15T16:38:37.786] [DEBUG] cheese - login => username:admin,password:123456
[2020-12-15T16:38:37.788] [DEBUG] cheese - admin
[2020-12-15T16:38:37.800] [DEBUG] cheese - null
[2020-12-15T16:38:37.800] [DEBUG] cheese - null
[2020-12-15T20:39:33.926] [DEBUG] cheese - login => username:admin,password:123456
[2020-12-15T20:39:33.929] [DEBUG] cheese - admin
[2020-12-15T20:39:33.958] [DEBUG] cheese - null
[2020-12-15T20:39:33.960] [DEBUG] cheese - null
[2020-12-16T17:43:21.646] [DEBUG] cheese - login => username:admin,password:123456
[2020-12-16T17:43:21.649] [DEBUG] cheese - admin
[2020-12-16T17:43:21.678] [DEBUG] cheese - null
[2020-12-16T17:43:21.679] [DEBUG] cheese - null
[2020-12-17T08:58:46.971] [DEBUG] cheese - login => username:admin,password:123456
[2020-12-17T08:58:46.974] [DEBUG] cheese - admin
[2020-12-17T08:58:46.994] [DEBUG] cheese - null
[2020-12-17T08:58:46.995] [DEBUG] cheese - null
[2020-12-17T17:11:12.006] [DEBUG] cheese - login => username:admin,password:123456
[2020-12-17T17:11:12.007] [DEBUG] cheese - admin
[2020-12-17T17:11:12.014] [DEBUG] cheese - null
[2020-12-17T17:11:12.014] [DEBUG] cheese - null
[2020-12-17T17:11:17.608] [DEBUG] cheese - login => username:admin,password:123456
[2020-12-17T17:11:17.608] [DEBUG] cheese - admin
[2020-12-17T17:11:17.611] [DEBUG] cheese - null
[2020-12-17T17:11:17.611] [DEBUG] cheese - null
[2020-12-17T17:11:18.270] [DEBUG] cheese - login => username:admin,password:123456
[2020-12-17T17:11:18.270] [DEBUG] cheese - admin
[2020-12-17T17:11:18.274] [DEBUG] cheese - null
[2020-12-17T17:11:18.275] [DEBUG] cheese - null
[2020-12-17T17:11:18.456] [DEBUG] cheese - login => username:admin,password:123456
[2020-12-17T17:11:18.457] [DEBUG] cheese - admin
[2020-12-17T17:11:18.460] [DEBUG] cheese - null
[2020-12-17T17:11:18.460] [DEBUG] cheese - null
[2020-12-17T17:11:18.618] [DEBUG] cheese - login => username:admin,password:123456
[2020-12-17T17:11:18.618] [DEBUG] cheese - admin
[2020-12-17T17:11:18.621] [DEBUG] cheese - null
[2020-12-17T17:11:18.622] [DEBUG] cheese - null
[2020-12-17T17:11:18.784] [DEBUG] cheese - login => username:admin,password:123456
[2020-12-17T17:11:18.784] [DEBUG] cheese - admin
[2020-12-17T17:11:18.787] [DEBUG] cheese - null
[2020-12-17T17:11:18.787] [DEBUG] cheese - null
[2020-12-17T17:11:18.968] [DEBUG] cheese - login => username:admin,password:123456
[2020-12-17T17:11:18.969] [DEBUG] cheese - admin
[2020-12-17T17:11:18.972] [DEBUG] cheese - null
[2020-12-17T17:11:18.973] [DEBUG] cheese - null
[2020-12-17T17:11:19.146] [DEBUG] cheese - login => username:admin,password:123456
[2020-12-17T17:11:19.146] [DEBUG] cheese - admin
[2020-12-17T17:11:19.150] [DEBUG] cheese - null
[2020-12-17T17:11:19.150] [DEBUG] cheese - null
[2020-12-17T17:11:19.312] [DEBUG] cheese - login => username:admin,password:123456
[2020-12-17T17:11:19.313] [DEBUG] cheese - admin
[2020-12-17T17:11:19.317] [DEBUG] cheese - null
[2020-12-17T17:11:19.317] [DEBUG] cheese - null
[2020-12-17T17:11:19.482] [DEBUG] cheese - login => username:admin,password:123456
[2020-12-17T17:11:19.482] [DEBUG] cheese - admin
[2020-12-17T17:11:19.486] [DEBUG] cheese - null
[2020-12-17T17:11:19.486] [DEBUG] cheese - null
[2020-12-17T17:11:19.649] [DEBUG] cheese - login => username:admin,password:123456
[2020-12-17T17:11:19.649] [DEBUG] cheese - admin
[2020-12-17T17:11:19.652] [DEBUG] cheese - null
[2020-12-17T17:11:19.652] [DEBUG] cheese - null
[2020-12-17T17:11:19.817] [DEBUG] cheese - login => username:admin,password:123456
[2020-12-17T17:11:19.817] [DEBUG] cheese - admin
[2020-12-17T17:11:19.822] [DEBUG] cheese - null
[2020-12-17T17:11:19.822] [DEBUG] cheese - null
[2020-12-17T17:11:38.432] [DEBUG] cheese - login => username:admin,password:123456
[2020-12-17T17:11:38.432] [DEBUG] cheese - admin
[2020-12-17T17:11:38.436] [DEBUG] cheese - null
[2020-12-17T17:11:38.437] [DEBUG] cheese - null
[2020-12-17T17:11:38.839] [DEBUG] cheese - login => username:admin,password:123456
[2020-12-17T17:11:38.840] [DEBUG] cheese - admin
[2020-12-17T17:11:38.843] [DEBUG] cheese - null
[2020-12-17T17:11:38.843] [DEBUG] cheese - null
[2020-12-17T17:11:39.047] [DEBUG] cheese - login => username:admin,password:123456
[2020-12-17T17:11:39.047] [DEBUG] cheese - admin
[2020-12-17T17:11:39.051] [DEBUG] cheese - null
[2020-12-17T17:11:39.051] [DEBUG] cheese - null
[2020-12-17T17:11:39.226] [DEBUG] cheese - login => username:admin,password:123456
[2020-12-17T17:11:39.226] [DEBUG] cheese - admin
[2020-12-17T17:11:39.232] [DEBUG] cheese - null
[2020-12-17T17:11:39.232] [DEBUG] cheese - null
[2020-12-17T17:13:46.604] [DEBUG] cheese - login => username:admin,password:123456
[2020-12-17T17:13:46.604] [DEBUG] cheese - admin
[2020-12-17T17:13:46.619] [DEBUG] cheese - null
[2020-12-17T17:13:46.619] [DEBUG] cheese - null
[2020-12-17T17:14:54.630] [DEBUG] cheese - login => username:admin,password:123456
[2020-12-17T17:14:54.630] [DEBUG] cheese - admin
[2020-12-17T17:14:54.633] [DEBUG] cheese - null
[2020-12-17T17:14:54.633] [DEBUG] cheese - null
[2020-12-17T17:15:04.209] [DEBUG] cheese - login => username:mark,password:123456
[2020-12-17T17:15:04.209] [DEBUG] cheese - mark
[2020-12-17T17:15:04.215] [DEBUG] cheese - null
[2020-12-17T17:15:04.215] [DEBUG] cheese - null
[2020-12-17T17:15:09.641] [DEBUG] cheese - login => username:mark,password:123456
[2020-12-17T17:15:09.641] [DEBUG] cheese - mark
[2020-12-17T17:15:09.660] [DEBUG] cheese - null
[2020-12-17T17:15:09.661] [DEBUG] cheese - null
[2020-12-17T17:15:10.378] [DEBUG] cheese - login => username:mark,password:123456
[2020-12-17T17:15:10.378] [DEBUG] cheese - mark
[2020-12-17T17:15:10.399] [DEBUG] cheese - null
[2020-12-17T17:15:10.400] [DEBUG] cheese - null
[2020-12-17T17:15:11.172] [DEBUG] cheese - login => username:mark,password:123456
[2020-12-17T17:15:11.172] [DEBUG] cheese - mark
[2020-12-17T17:15:11.175] [DEBUG] cheese - null
[2020-12-17T17:15:11.175] [DEBUG] cheese - null
[2020-12-17T17:15:11.789] [DEBUG] cheese - login => username:mark,password:123456
[2020-12-17T17:15:11.789] [DEBUG] cheese - mark
[2020-12-17T17:15:11.809] [DEBUG] cheese - null
[2020-12-17T17:15:11.809] [DEBUG] cheese - null
[2020-12-17T17:15:12.193] [DEBUG] cheese - login => username:mark,password:123456
[2020-12-17T17:15:12.193] [DEBUG] cheese - mark
[2020-12-17T17:15:12.216] [DEBUG] cheese - null
[2020-12-17T17:15:12.216] [DEBUG] cheese - null
[2020-12-17T17:15:12.564] [DEBUG] cheese - login => username:mark,password:123456
[2020-12-17T17:15:12.564] [DEBUG] cheese - mark
[2020-12-17T17:15:12.567] [DEBUG] cheese - null
[2020-12-17T17:15:12.567] [DEBUG] cheese - null
[2020-12-17T17:15:12.895] [DEBUG] cheese - login => username:mark,password:123456
[2020-12-17T17:15:12.895] [DEBUG] cheese - mark
[2020-12-17T17:15:12.925] [DEBUG] cheese - null
[2020-12-17T17:15:12.926] [DEBUG] cheese - null
[2020-12-17T17:15:13.280] [DEBUG] cheese - login => username:mark,password:123456
[2020-12-17T17:15:13.280] [DEBUG] cheese - mark
[2020-12-17T17:15:13.299] [DEBUG] cheese - null
[2020-12-17T17:15:13.299] [DEBUG] cheese - null
[2020-12-17T17:15:13.589] [DEBUG] cheese - login => username:mark,password:123456
[2020-12-17T17:15:13.589] [DEBUG] cheese - mark
[2020-12-17T17:15:13.594] [DEBUG] cheese - null
[2020-12-17T17:15:13.594] [DEBUG] cheese - null
[2020-12-17T17:15:13.943] [DEBUG] cheese - login => username:mark,password:123456
[2020-12-17T17:15:13.943] [DEBUG] cheese - mark
[2020-12-17T17:15:13.968] [DEBUG] cheese - null
[2020-12-17T17:15:13.968] [DEBUG] cheese - null
[2020-12-17T17:15:14.271] [DEBUG] cheese - login => username:mark,password:123456
[2020-12-17T17:15:14.272] [DEBUG] cheese - mark
[2020-12-17T17:15:14.276] [DEBUG] cheese - null
[2020-12-17T17:15:14.276] [DEBUG] cheese - null
[2020-12-17T17:15:18.220] [DEBUG] cheese - login => username:admin,password:123456
[2020-12-17T17:15:18.221] [DEBUG] cheese - admin
[2020-12-17T17:15:18.223] [DEBUG] cheese - null
[2020-12-17T17:15:18.223] [DEBUG] cheese - null
[2020-12-17T17:15:18.860] [DEBUG] cheese - login => username:admin,password:123456
[2020-12-17T17:15:18.860] [DEBUG] cheese - admin
[2020-12-17T17:15:18.863] [DEBUG] cheese - null
[2020-12-17T17:15:18.863] [DEBUG] cheese - null
[2020-12-17T17:15:19.032] [DEBUG] cheese - login => username:admin,password:123456
[2020-12-17T17:15:19.032] [DEBUG] cheese - admin
[2020-12-17T17:15:19.035] [DEBUG] cheese - null
[2020-12-17T17:15:19.036] [DEBUG] cheese - null
[2020-12-17T17:15:19.205] [DEBUG] cheese - login => username:admin,password:123456
[2020-12-17T17:15:19.206] [DEBUG] cheese - admin
[2020-12-17T17:15:19.209] [DEBUG] cheese - null
[2020-12-17T17:15:19.210] [DEBUG] cheese - null
[2020-12-17T17:15:25.088] [DEBUG] cheese - login => username:mark,password:123456
[2020-12-17T17:15:25.088] [DEBUG] cheese - mark
[2020-12-17T17:15:25.095] [DEBUG] cheese - null
[2020-12-17T17:15:25.095] [DEBUG] cheese - null
[2020-12-17T17:15:25.701] [DEBUG] cheese - login => username:mark,password:123456
[2020-12-17T17:15:25.701] [DEBUG] cheese - mark
[2020-12-17T17:15:25.705] [DEBUG] cheese - null
[2020-12-17T17:15:25.705] [DEBUG] cheese - null
[2020-12-17T17:15:25.891] [DEBUG] cheese - login => username:mark,password:123456
[2020-12-17T17:15:25.891] [DEBUG] cheese - mark
[2020-12-17T17:15:25.895] [DEBUG] cheese - null
[2020-12-17T17:15:25.896] [DEBUG] cheese - null
[2020-12-17T17:15:26.065] [DEBUG] cheese - login => username:mark,password:123456
[2020-12-17T17:15:26.065] [DEBUG] cheese - mark
[2020-12-17T17:15:26.068] [DEBUG] cheese - null
[2020-12-17T17:15:26.069] [DEBUG] cheese - null
[2020-12-17T17:15:26.228] [DEBUG] cheese - login => username:mark,password:123456
[2020-12-17T17:15:26.228] [DEBUG] cheese - mark
[2020-12-17T17:15:26.232] [DEBUG] cheese - null
[2020-12-17T17:15:26.232] [DEBUG] cheese - null
[2020-12-17T17:15:26.406] [DEBUG] cheese - login => username:mark,password:123456
[2020-12-17T17:15:26.407] [DEBUG] cheese - mark
[2020-12-17T17:15:26.411] [DEBUG] cheese - null
[2020-12-17T17:15:26.412] [DEBUG] cheese - null
[2020-12-17T17:15:26.566] [DEBUG] cheese - login => username:mark,password:123456
[2020-12-17T17:15:26.566] [DEBUG] cheese - mark
[2020-12-17T17:15:26.568] [DEBUG] cheese - null
[2020-12-17T17:15:26.569] [DEBUG] cheese - null
[2020-12-17T17:15:31.955] [DEBUG] cheese - login => username:mark,password:123456
[2020-12-17T17:15:31.955] [DEBUG] cheese - mark
[2020-12-17T17:15:31.958] [DEBUG] cheese - null
[2020-12-17T17:15:31.958] [DEBUG] cheese - null
[2020-12-17T17:15:32.715] [DEBUG] cheese - login => username:mark,password:123456
[2020-12-17T17:15:32.715] [DEBUG] cheese - mark
[2020-12-17T17:15:32.719] [DEBUG] cheese - null
[2020-12-17T17:15:32.719] [DEBUG] cheese - null
[2020-12-17T17:15:43.587] [DEBUG] cheese - login => username:mark,password:123456
[2020-12-17T17:15:43.587] [DEBUG] cheese - mark
[2020-12-17T17:15:43.592] [DEBUG] cheese - null
[2020-12-17T17:15:43.593] [DEBUG] cheese - null
[2020-12-17T17:18:24.001] [DEBUG] cheese - login => username:mark,password:123456
[2020-12-17T17:18:24.001] [DEBUG] cheese - mark
[2020-12-17T17:18:24.007] [DEBUG] cheese - null
[2020-12-17T17:18:24.007] [DEBUG] cheese - null
[2020-12-17T17:18:24.713] [DEBUG] cheese - login => username:mark,password:123456
[2020-12-17T17:18:24.713] [DEBUG] cheese - mark
[2020-12-17T17:18:24.717] [DEBUG] cheese - null
[2020-12-17T17:18:24.717] [DEBUG] cheese - null
[2020-12-17T17:19:31.030] [DEBUG] cheese - login => username:mark,password:123456
[2020-12-17T17:19:31.030] [DEBUG] cheese - mark
[2020-12-17T17:19:31.036] [DEBUG] cheese - null
[2020-12-17T17:19:31.036] [DEBUG] cheese - null
[2020-12-17T17:19:43.174] [DEBUG] cheese - login => username:admin,password:123456
[2020-12-17T17:19:43.174] [DEBUG] cheese - admin
[2020-12-17T17:19:43.179] [DEBUG] cheese - null
[2020-12-17T17:19:43.179] [DEBUG] cheese - null
[2020-12-17T17:21:26.403] [DEBUG] cheese - login => username:mark,password:123456
[2020-12-17T17:21:26.403] [DEBUG] cheese - mark
[2020-12-17T17:21:26.406] [DEBUG] cheese - null
[2020-12-17T17:21:26.406] [DEBUG] cheese - null
[2020-12-17T17:26:40.169] [DEBUG] cheese - login => username:admin,password:123456
[2020-12-17T17:26:40.171] [DEBUG] cheese - admin
[2020-12-17T17:26:40.188] [DEBUG] cheese - null
[2020-12-17T17:26:40.190] [DEBUG] cheese - null
[2020-12-17T17:27:34.774] [DEBUG] cheese - login => username:admin,password:123456
[2020-12-17T17:27:34.774] [DEBUG] cheese - admin
[2020-12-17T17:27:34.779] [DEBUG] cheese - null
[2020-12-17T17:27:34.779] [DEBUG] cheese - null
[2020-12-17T17:28:28.438] [DEBUG] cheese - login => username:mark,password:123456
[2020-12-17T17:28:28.438] [DEBUG] cheese - mark
[2020-12-17T17:28:28.443] [DEBUG] cheese - null
[2020-12-17T17:28:28.443] [DEBUG] cheese - null
[2020-12-17T17:28:30.441] [DEBUG] cheese - login => username:mark,password:123456
[2020-12-17T17:28:30.442] [DEBUG] cheese - mark
[2020-12-17T17:28:30.462] [DEBUG] cheese - null
[2020-12-17T17:28:30.462] [DEBUG] cheese - null
[2020-12-17T17:29:09.785] [DEBUG] cheese - login => username:mark,password:123456
[2020-12-17T17:29:09.785] [DEBUG] cheese - mark
[2020-12-17T17:29:09.788] [DEBUG] cheese - null
[2020-12-17T17:29:09.788] [DEBUG] cheese - null
[2020-12-17T17:29:14.914] [DEBUG] cheese - login => username:admin,password:123456
[2020-12-17T17:29:14.915] [DEBUG] cheese - admin
[2020-12-17T17:29:14.944] [DEBUG] cheese - null
[2020-12-17T17:29:14.944] [DEBUG] cheese - null
[2020-12-17T17:29:21.258] [DEBUG] cheese - login => username:admin,password:123456
[2020-12-17T17:29:21.259] [DEBUG] cheese - admin
[2020-12-17T17:29:21.281] [DEBUG] cheese - null
[2020-12-17T17:29:21.281] [DEBUG] cheese - null
[2020-12-17T17:30:24.924] [DEBUG] cheese - login => username:admin,password:123456
[2020-12-17T17:30:24.924] [DEBUG] cheese - admin
[2020-12-17T17:30:24.928] [DEBUG] cheese - null
[2020-12-17T17:30:24.929] [DEBUG] cheese - null
